Sync Translation Results - 16.02.2022 23:54:49

Translation File [public\locales\it\pages\notfound.json]: Added fresh translation file, 
Translation File [public\locales\it\translation.json]: Added fresh translation file
-----------------------------------------------------

Sync Translation Results - 16.02.2022 23:54:36

Files are already synced

-----------------------------------------------------

Sync Translation Results - 16.02.2022 23:52:32

Translation File [public\locales\es\pages\notfound.json]: Added new property: title, 
Translation File [public\locales\es\pages\notfound.json]: Added new property: arrayKey, 
Translation File [public\locales\es\translation.json]: Added new property: footer, 
Translation File [public\locales\es\translation.json]: Added missing property - langSelect
-----------------------------------------------------

Sync Translation Results - 16.02.2022 23:52:01

Files are already synced

-----------------------------------------------------

Sync Translation Results - 16.02.2022 23:51:52

Translation File [public\locales\es\pages\notfound.json]: Added fresh translation file, 
Translation File [public\locales\es\translation.json]: Added fresh translation file
-----------------------------------------------------

Sync Translation Results - 16.02.2022 23:50:05

Files are already synced

-----------------------------------------------------

Sync Translation Results - 16.02.2022 23:50:04

Files are already synced

-----------------------------------------------------

