

[19.02.2022 13:24:35] Sync Started...
[19.02.2022 13:24:35] [en] Synchronization started for: public\locales\en\translation.json
[19.02.2022 13:24:35] [tr] Writing over key [cancel]
[19.02.2022 13:24:35] [tr] Writing over key [close]
[19.02.2022 13:24:35] [tr] Writing over key [save]
[19.02.2022 13:24:35] [tr] Writing over key [accept]
[19.02.2022 13:24:35] [tr] Creating missing key [buttons]
[19.02.2022 13:24:35] [tr] Writing over key [title]
[19.02.2022 13:24:35] [tr] Creating missing key [themeSelect]
[19.02.2022 13:24:35] [tr] Writing over key [title]
[19.02.2022 13:24:35] [tr] Creating missing key [langSelect]
[19.02.2022 13:24:35] [tr] Writing over key [bumblebee]
[19.02.2022 13:24:35] [tr] Writing over key [cupcake]
[19.02.2022 13:24:35] [tr] Writing over key [dark]
[19.02.2022 13:24:35] [tr] Writing over key [light]
[19.02.2022 13:24:35] [tr] Writing over key [emerald]
[19.02.2022 13:24:35] [tr] Creating missing key [themes]
[19.02.2022 13:24:35] [tr] Writing over key [footer]
[19.02.2022 13:24:35] [tr] Writing over key [theme]
[19.02.2022 13:24:35] [tr] Writing over key [notfound]
[19.02.2022 13:24:35] [tr] Writing over key [home]
[19.02.2022 13:24:35] [tr] Creating missing key [header]
[19.02.2022 13:24:35] [tr] Created missing file public\locales\tr\test.json
[19.02.2022 13:24:35] [en] Synchronization started for: public\locales\en\test.json
[19.02.2022 13:24:35] [en] Synchronization started for: public\locales\en\routes.json
[19.02.2022 13:24:35] [en] Synchronization started for: public\locales\en\pages\notfound.json

[19.02.2022 13:23:43] Sync Started...
[19.02.2022 13:23:43] [es] Writing over key [submit]
[19.02.2022 13:23:43] [es] Writing over key [cancel]
[19.02.2022 13:23:43] [es] Writing over key [close]
[19.02.2022 13:23:43] [es] Writing over key [save]
[19.02.2022 13:23:43] [es] Writing over key [accept]
[19.02.2022 13:23:43] [es] Creating missing key [buttons]
[19.02.2022 13:23:43] [es] Writing over key [title]
[19.02.2022 13:23:43] [es] Creating missing key [themeSelect]
[19.02.2022 13:23:43] [es] Writing over key [title]
[19.02.2022 13:23:43] [es] Creating missing key [langSelect]
[19.02.2022 13:23:43] [es] Writing over key [bumblebee]
[19.02.2022 13:23:43] [es] Writing over key [cupcake]
[19.02.2022 13:23:43] [es] Writing over key [dark]
[19.02.2022 13:23:43] [es] Writing over key [light]
[19.02.2022 13:23:43] [es] Writing over key [emerald]
[19.02.2022 13:23:43] [es] Creating missing key [themes]
[19.02.2022 13:23:43] [es] Writing over key [footer]
[19.02.2022 13:23:43] [es] Writing over key [theme]
[19.02.2022 13:23:43] [es] Writing over key [notfound]
[19.02.2022 13:23:43] [es] Writing over key [home]
[19.02.2022 13:23:43] [es] Creating missing key [header]
[19.02.2022 13:23:43] [es] Created missing file public\locales\es\translation.json
[19.02.2022 13:23:43] [tr] Writing over key [light]
[19.02.2022 13:23:43] [en] Synchronization started for: public\locales\en\translation.json
[19.02.2022 13:23:43] [es] Writing over key [cancel]
[19.02.2022 13:23:43] [es] Writing over key [close]
[19.02.2022 13:23:43] [es] Writing over key [save]
[19.02.2022 13:23:43] [es] Writing over key [accept]
[19.02.2022 13:23:43] [es] Creating missing key [buttons]
[19.02.2022 13:23:43] [es] Writing over key [title]
[19.02.2022 13:23:43] [es] Creating missing key [themeSelect]
[19.02.2022 13:23:43] [es] Writing over key [title]
[19.02.2022 13:23:43] [es] Creating missing key [langSelect]
[19.02.2022 13:23:43] [es] Writing over key [bumblebee]
[19.02.2022 13:23:43] [es] Writing over key [cupcake]
[19.02.2022 13:23:43] [es] Writing over key [dark]
[19.02.2022 13:23:43] [es] Writing over key [light]
[19.02.2022 13:23:43] [es] Writing over key [emerald]
[19.02.2022 13:23:43] [es] Creating missing key [themes]
[19.02.2022 13:23:43] [es] Writing over key [footer]
[19.02.2022 13:23:43] [es] Writing over key [theme]
[19.02.2022 13:23:43] [es] Writing over key [notfound]
[19.02.2022 13:23:43] [es] Writing over key [home]
[19.02.2022 13:23:43] [es] Creating missing key [header]
[19.02.2022 13:23:43] [es] Created missing file public\locales\es\test.json
[19.02.2022 13:23:43] [en] Synchronization started for: public\locales\en\test.json
[19.02.2022 13:23:43] [es] Writing over key [home]
[19.02.2022 13:23:43] [es] Writing over key [notfound]
[19.02.2022 13:23:43] [es] Writing over key [materials]
[19.02.2022 13:23:43] [es] Created missing file public\locales\es\routes.json
[19.02.2022 13:23:42] [en] Synchronization started for: public\locales\en\routes.json
[19.02.2022 13:23:42] [es] Writing over key [arrayKey]
[19.02.2022 13:23:42] [es] Writing over key [objParam2]
[19.02.2022 13:23:42] [es] Writing over key [objParam1]
[19.02.2022 13:23:42] [es] Creating missing key [objKey]
[19.02.2022 13:23:42] [es] Writing over key [homepage]
[19.02.2022 13:23:42] [es] Writing over key [message]
[19.02.2022 13:23:42] [es] Writing over key [title]
[19.02.2022 13:23:42] [es] Created missing file public\locales\es\pages\notfound.json
[19.02.2022 13:23:42] [en] Synchronization started for: public\locales\en\pages\notfound.json